\BOOKMARK [0][-]{section*.2}{QAOA versus Quantum Annealing on Traveling Salesman Problem}{}% 2
\BOOKMARK [1][-]{section*.1}{Abstract}{section*.2}% 1
\BOOKMARK [1][-]{section*.3}{Introduction}{section*.2}% 3
\BOOKMARK [1][-]{section*.4}{Model}{section*.2}% 4
\BOOKMARK [1][-]{section*.5}{Quantum Optimization Algorithm}{section*.2}% 5
\BOOKMARK [2][-]{section*.6}{Problem Hamiltonian}{section*.5}% 6
\BOOKMARK [2][-]{section*.7}{Quantum Approximated Optimization Algortithm}{section*.5}% 7
\BOOKMARK [2][-]{section*.8}{Quantum Annealing}{section*.5}% 8
\BOOKMARK [1][-]{section*.9}{Experiments}{section*.2}% 9
\BOOKMARK [2][-]{section*.10}{Quantum Approximate Optimization Algorithm}{section*.9}% 10
\BOOKMARK [3][-]{section*.11}{Space Complexity}{section*.10}% 11
\BOOKMARK [3][-]{section*.12}{Time Complexity}{section*.10}% 12
\BOOKMARK [3][-]{section*.13}{Approximation Ratio}{section*.10}% 13
\BOOKMARK [2][-]{section*.14}{Quantum annealer simulator}{section*.9}% 14
\BOOKMARK [2][-]{section*.15}{D-Wave quantum annealer}{section*.9}% 15
\BOOKMARK [1][-]{section*.16}{Discussion}{section*.2}% 16
\BOOKMARK [1][-]{section*.17}{Conclusion}{section*.2}% 17
\BOOKMARK [1][-]{section*.18}{Acknowledgments}{section*.2}% 18
\BOOKMARK [1][-]{section*.19}{References}{section*.2}% 19
\BOOKMARK [1][-]{section*.20}{Path Integral Monte Carlo Algorithm for Simulating Quantum Annealing}{section*.2}% 20
\BOOKMARK [1][-]{section*.21}{Improved anstaz schme for QAOA: Quantum Alternating Operator Ansatz on TSP}{section*.2}% 21
\BOOKMARK [2][-]{section*.22}{Solution Space of Traveling Salesman Problem}{section*.21}% 22
\BOOKMARK [2][-]{section*.23}{Target Hamiltonian of TSP}{section*.21}% 23
\BOOKMARK [2][-]{section*.24}{Mixer Hamiltonian of TSP}{section*.21}% 24
\BOOKMARK [2][-]{section*.25}{Circuit Implementation of Quantum Alternating Operator Ansatz}{section*.21}% 25
